Tue 05:47: ########################################## 
Tue 05:47: Compiling.
Tue 05:47: ########################################## 

Tue 05:47: MaxCompiler version: 2015.1.1 (simulation only).
Tue 05:47: Build Simulation run rule for domaci start time: Tue Jan 12 05:47:20 PST 2016.
Tue 05:47: Project location: /home/demo/workspace/domaci.
Tue 05:47: Detailed build log: /home/demo/workspace/domaci/RunRules/Simulation/build.log.

Tue 05:47: Compiling Engine Code.
Tue 05:47: Engine building skipped (no changes on .max files).
Tue 05:47: Compiling CPU Code.
Tue 05:47: Run CPU project make files updating
Tue 05:47: Executing command:
Tue 05:47: java -jar /opt/maxeler/maxcompiler/lib/MaxIDE/projectAdmin.jar -u /home/demo/workspace/domaci Simulation 
Tue 05:47: Command output:

Tue 05:47: MaxCompiler Project Admin Tool Version 2015.1.10001
Tue 05:47:  Copyright Maxeler Technologies 2010 - 2015. All rights reserved.

Tue 05:47: Handler version 2
Tue 05:47: Updating RunRule dependent Makefiles for RunRule 'Simulation'
Tue 05:47: 	Updating: Simulation
Tue 05:47: Found makefiles: 1
Tue 05:47: 	Updated: Simulation
Tue 05:47: Run CPU make.
Tue 05:47: make RUNRULE=Simulation 
Tue 05:47: Command output:
Tue 05:47: make -f Makefile.rules build
Tue 05:47: make[1]: Entering directory `/home/demo/workspace/domaci/CPUCode'
Tue 05:47: set -e; rm -f ../RunRules/Simulation/objects/c/CpuStreamCpuCode.d ;                                                             \
Tue 05:47: 	  cc -M -std=gnu99 -g -O3 -Wall -Wextra -I../RunRules/Simulation/include  -I '/opt/maxeler/maxcompiler/include/slic'  -Wno-error CpuStreamCpuCode.c > ../RunRules/Simulation/objects/c/CpuStreamCpuCode.d.$$ ;                                 \
Tue 05:47:       sed 's,\(CpuStreamCpuCode\)\.o[ :]*,../RunRules/Simulation/objects/c/\1.o ../RunRules/Simulation/objects/c/CpuStreamCpuCode.d : ,g' < ../RunRules/Simulation/objects/c/CpuStreamCpuCode.d.$$ > ../RunRules/Simulation/objects/c/CpuStreamCpuCode.d; \
Tue 05:47:       rm -f ../RunRules/Simulation/objects/c/CpuStreamCpuCode.d.$$
Tue 05:47: make[1]: Leaving directory `/home/demo/workspace/domaci/CPUCode'
Tue 05:47: make[1]: Entering directory `/home/demo/workspace/domaci/CPUCode'
Tue 05:47: cc -std=gnu99 -g -O3 -Wall -Wextra -I../RunRules/Simulation/include  -I '/opt/maxeler/maxcompiler/include/slic'  -c CpuStreamCpuCode.c -o ../RunRules/Simulation/objects/c/CpuStreamCpuCode.o
Tue 05:47: cc -std=gnu99 -g -O3 -Wall -Wextra -I../RunRules/Simulation/include  -I '/opt/maxeler/maxcompiler/include/slic'  -o ../RunRules/Simulation/binaries/CpuStream ../RunRules/Simulation/objects/maxfiles/slic_CpuStream.o ../RunRules/Simulation/objects/c/CpuStreamCpuCode.o -g -O3  -L '/opt/maxeler/maxcompiler/lib' -lslic -L '/opt/maxeler/maxcompiler/lib/maxeleros-sim/lib' -lmaxeleros -lpthread -lm -lrt 
Tue 05:47: make[1]: Leaving directory `/home/demo/workspace/domaci/CPUCode'
Tue 05:47: Build completed: Tue Jan 12 05:47:22 PST 2016


Tue 05:47: ########################################## 
Tue 05:47: Running
Tue 05:47: ########################################## 
Tue 05:47: Executing command:
Tue 05:47: '/home/demo/workspace/domaci/RunRules/Simulation/binaries/CpuStream' 
Tue 05:47: Command output:
Tue 05:47: Running on DFE.
Tue 05:47: Elapsed: 0.000000 seconds
Tue 05:47: Running on C.
Tue 05:47: Elapsed: 0.000000 seconds
Tue 05:47: Done.
Tue 05:47: Process terminated with exit code 0.
